        -:    0:Source:C:/Users/Alexandra/Desktop/Facultate/Semestru 2/911/a45-911-Alexandra-Bledea/Repository/repository.cpp
        -:    0:Graph:C:\Users\Alexandra\Desktop\Facultate\Semestru 2\911\a45-911-Alexandra-Bledea\cmake-build-debug-coverage\CMakeFiles\a45_911_Alexandra_Bledea.dir\Repository\repository.cpp.gcno
        -:    0:Data:C:\Users\Alexandra\Desktop\Facultate\Semestru 2\911\a45-911-Alexandra-Bledea\cmake-build-debug-coverage\CMakeFiles\a45_911_Alexandra_Bledea.dir\Repository\repository.cpp.gcda
        -:    0:Runs:1
        -:    0:Programs:1
        -:    1://
        -:    2:// Created by Alexandra on 3/17/2021.
        -:    3://
        -:    4:
        -:    5:#include <cstring>
        -:    6:#include "repository.h"
        -:    7:#include <iostream>
        -:    8:
       29:    9:Repository::Repository(DynamicArray<Coat>* DArray) {
       29:   10:    this->DArray = DArray;
       29:   11:}
        -:   12:
       47:   13:int Repository::AddRepo(string size, string color, int price, int quantity, string photograph) {
        -:   14:    int position;
       47:   15:    position = CheckExistenceCoat(size, color, photograph);
       47:   15-block  0
       47:   15-block  1
       47:   15-block  2
       47:   15-block  3
    $$$$$:   15-block  4
    $$$$$:   15-block  5
    $$$$$:   15-block  6
    $$$$$:   15-block  7
    $$$$$:   15-block  8
    $$$$$:   15-block  9
       47:   16:    if(position == -1)
        -:   17:    {
       90:   18:        Coat c(size, color, price, quantity, photograph);
       45:   18-block  0
       45:   18-block  1
       45:   18-block  2
       45:   18-block  3
    $$$$$:   18-block  4
    $$$$$:   18-block  5
    $$$$$:   18-block  6
    $$$$$:   18-block  7
       45:   19:        this->DArray->Add(c);
       45:   20:        return 0;
       45:   20-block  0
        -:   21:    }
        2:   22:    return 1;
        2:   22-block  0
        -:   23:}
        -:   24:
       71:   25:int Repository::CheckExistenceCoat(string size, string color, string photograph) {
        -:   26:
      214:   27:    for(int i = 0; i < this->DArray->GetSize(); i++)
       71:   27-block  0
      214:   27-block  1
      143:   27-block  2
      334:   28:        if((*this->DArray)[i].GetSize() == size && (*this->DArray)[i].GetColor() == color &&
      159:   28-block  0
      159:   28-block  1
       36:   28-block  2
       36:   28-block  3
       16:   28-block  4
      143:   28-block  5
       36:   28-block  6
      159:   28-block  7
      159:   28-block  8
      159:   28-block  9
    $$$$$:   28-block 10
    $$$$$:   28-block 11
    $$$$$:   28-block 12
    $$$$$:   28-block 13
    $$$$$:   28-block 14
      175:   29:        (*this->DArray)[i].GetPhotograph() == photograph)
       16:   29-block  0
       16:   29-block  1
      159:   29-block  2
       16:   29-block  3
      159:   29-block  4
    $$$$$:   29-block  5
    $$$$$:   29-block  6
    $$$$$:   29-block  7
       16:   30:            return i;
       16:   30-block  0
       55:   31:    return -1;
       55:   31-block  0
        -:   32:}
        -:   33:
       58:   34:Repository::~Repository() {
       29:   35:    delete this->DArray;
       29:   35-block  0
       29:   35-block  1
       29:   36:}
        -:   37:
       12:   38:DynamicArray<Coat> *Repository::GetDynArr() {
       12:   39:    return this->DArray;
       12:   39-block  0
        -:   40:}
        -:   41:
        1:   42:int Repository::GetSize() {
        1:   43:    return this->DArray->GetSize();
        1:   43-block  0
        -:   44:}
        -:   45:
        3:   46:void Repository::init_repository() {
        3:   47:    AddRepo("M", "Blue", 100, 10, "https://www.morganclare.co.uk/images/luxe-blue-coat-p36372-114149_image.jpg");
        3:   47-block  0
        3:   47-block  1
        3:   47-block  2
        3:   47-block  3
        3:   47-block  4
    $$$$$:   47-block  5
    $$$$$:   47-block  6
    $$$$$:   47-block  7
    $$$$$:   47-block  8
    $$$$$:   47-block  9
    $$$$$:   47-block 10
    $$$$$:   47-block 11
    $$$$$:   47-block 12
    $$$$$:   47-block 13
    $$$$$:   47-block 14
    $$$$$:   47-block 15
    $$$$$:   47-block 16
        3:   48:    AddRepo("L", "Red", 150, 5,
        3:   48-block  0
        3:   48-block  1
        3:   48-block  2
        3:   48-block  3
    $$$$$:   48-block  4
    $$$$$:   48-block  5
    $$$$$:   48-block  6
    $$$$$:   48-block  7
    $$$$$:   48-block  8
    $$$$$:   48-block  9
    $$$$$:   48-block 10
    $$$$$:   48-block 11
    $$$$$:   48-block 12
    $$$$$:   48-block 13
    $$$$$:   48-block 14
    $$$$$:   48-block 15
        -:   49:            "https://res.cloudinary.com/wolfandbadger/image/upload/s--6lJSlYAP--/q_auto:eco/products/f8mgtgse6mnpsegyxrxo");
        3:   50:    AddRepo("S", "Pink", 200, 3, "https://images-na.ssl-images-amazon.com/images/I/71IismvKi3L._AC_UL1447_.jpg");
        3:   50-block  0
        3:   50-block  1
        3:   50-block  2
        3:   50-block  3
    $$$$$:   50-block  4
    $$$$$:   50-block  5
    $$$$$:   50-block  6
    $$$$$:   50-block  7
    $$$$$:   50-block  8
    $$$$$:   50-block  9
    $$$$$:   50-block 10
    $$$$$:   50-block 11
    $$$$$:   50-block 12
    $$$$$:   50-block 13
    $$$$$:   50-block 14
    $$$$$:   50-block 15
        3:   51:    AddRepo("S", "Yellow", 175, 10, "https://i.pinimg.com/originals/36/34/57/363457f4a8f758c43fab554e04de1038.jpg");
        3:   51-block  0
        3:   51-block  1
        3:   51-block  2
        3:   51-block  3
    $$$$$:   51-block  4
    $$$$$:   51-block  5
    $$$$$:   51-block  6
    $$$$$:   51-block  7
    $$$$$:   51-block  8
    $$$$$:   51-block  9
    $$$$$:   51-block 10
    $$$$$:   51-block 11
    $$$$$:   51-block 12
    $$$$$:   51-block 13
    $$$$$:   51-block 14
    $$$$$:   51-block 15
        3:   52:    AddRepo("M", "Orange", 242, 2, "https://n.nordstrommedia.com/ImageGallery/store/product/Zoom/10/_107638010.jpg?h=365&w=240&dpr=2");
        3:   52-block  0
        3:   52-block  1
        3:   52-block  2
        3:   52-block  3
    $$$$$:   52-block  4
    $$$$$:   52-block  5
    $$$$$:   52-block  6
    $$$$$:   52-block  7
    $$$$$:   52-block  8
    $$$$$:   52-block  9
    $$$$$:   52-block 10
    $$$$$:   52-block 11
    $$$$$:   52-block 12
    $$$$$:   52-block 13
    $$$$$:   52-block 14
    $$$$$:   52-block 15
        3:   53:    AddRepo("L", "Black", 305, 2, "https://media.mauvetree.com/wp-content/uploads/2018/04/Black-trench-coat-for-men.jpg");
        3:   53-block  0
        3:   53-block  1
        3:   53-block  2
        3:   53-block  3
    $$$$$:   53-block  4
    $$$$$:   53-block  5
    $$$$$:   53-block  6
    $$$$$:   53-block  7
    $$$$$:   53-block  8
    $$$$$:   53-block  9
    $$$$$:   53-block 10
    $$$$$:   53-block 11
    $$$$$:   53-block 12
    $$$$$:   53-block 13
    $$$$$:   53-block 14
    $$$$$:   53-block 15
        3:   54:    AddRepo("XL", "Grey", 100, 4, "https://cdn.shopify.com/s/files/1/0024/0697/3485/products/407A7456.jpg?v=1604310704");
        3:   54-block  0
        3:   54-block  1
        3:   54-block  2
        3:   54-block  3
    $$$$$:   54-block  4
    $$$$$:   54-block  5
    $$$$$:   54-block  6
    $$$$$:   54-block  7
    $$$$$:   54-block  8
    $$$$$:   54-block  9
    $$$$$:   54-block 10
    $$$$$:   54-block 11
    $$$$$:   54-block 12
    $$$$$:   54-block 13
    $$$$$:   54-block 14
    $$$$$:   54-block 15
        3:   55:    AddRepo("XS", "Magenta", 400, 1, "https://i.pinimg.com/originals/6e/b1/a9/6eb1a9282acc0aeef06dd693ae0301d9.jpg");
        3:   55-block  0
        3:   55-block  1
        3:   55-block  2
        3:   55-block  3
    $$$$$:   55-block  4
    $$$$$:   55-block  5
    $$$$$:   55-block  6
    $$$$$:   55-block  7
    $$$$$:   55-block  8
    $$$$$:   55-block  9
    $$$$$:   55-block 10
    $$$$$:   55-block 11
    $$$$$:   55-block 12
    $$$$$:   55-block 13
    $$$$$:   55-block 14
    $$$$$:   55-block 15
        3:   56:    AddRepo("XS", "Green", 135, 3, "https://i.etsystatic.com/6811060/r/il/f9e28e/1977783236/il_570xN.1977783236_4xx9.jpg");
        3:   56-block  0
        3:   56-block  1
        3:   56-block  2
        3:   56-block  3
    $$$$$:   56-block  4
    $$$$$:   56-block  5
    $$$$$:   56-block  6
    $$$$$:   56-block  7
    $$$$$:   56-block  8
    $$$$$:   56-block  9
    $$$$$:   56-block 10
    $$$$$:   56-block 11
    $$$$$:   56-block 12
    $$$$$:   56-block 13
    $$$$$:   56-block 14
    $$$$$:   56-block 15
        3:   57:    AddRepo("XL", "Purple", 243, 10, "https://images-na.ssl-images-amazon.com/images/I/51W49L9WQ8L._AC_UX385_.jpg");
        3:   57-block  0
        3:   57-block  1
        3:   57-block  2
        3:   57-block  3
    $$$$$:   57-block  4
    $$$$$:   57-block  5
    $$$$$:   57-block  6
    $$$$$:   57-block  7
    $$$$$:   57-block  8
    $$$$$:   57-block  9
    $$$$$:   57-block 10
    $$$$$:   57-block 11
    $$$$$:   57-block 12
    $$$$$:   57-block 13
    $$$$$:   57-block 14
        -:   58:
        3:   59:}
        -:   60:
        4:   61:int Repository::DeleteEntireProductRepo(string size, string color, string photograph) {
        -:   62:    int position;
        4:   63:    position = CheckExistenceCoat(size, color, photograph);
        4:   63-block  0
        4:   63-block  1
        4:   63-block  2
        4:   63-block  3
    $$$$$:   63-block  4
    $$$$$:   63-block  5
    $$$$$:   63-block  6
    $$$$$:   63-block  7
    $$$$$:   63-block  8
        4:   64:    if(position != -1)
        -:   65:    {
        2:   66:        this->DArray->Delete(position);
        2:   66-block  0
        2:   67:        return 0;
        -:   68:    }
        -:   69:    else
        2:   70:        return 1;
        2:   70-block  0
        -:   71:}
        -:   72:
        5:   73:int Repository::DeleteSoldOutProductRepo(string size, string color, string photograph) {
        -:   74:    int position;
        5:   75:    position = CheckExistenceCoat(size, color, photograph);
        5:   75-block  0
        5:   75-block  1
        5:   75-block  2
        5:   75-block  3
    $$$$$:   75-block  4
    $$$$$:   75-block  5
    $$$$$:   75-block  6
    $$$$$:   75-block  7
    $$$$$:   75-block  8
        5:   76:    int quantity  = (*this->DArray)[position].GetQuantity();
        5:   77:    if(position != -1 && quantity == 0)
        3:   77-block  0
        -:   78:    {
        2:   79:        this->DArray->Delete(position);
        2:   79-block  0
        2:   80:        return 0;
        -:   81:    }
        -:   82:    else
        3:   83:        return 1;
        3:   83-block  0
        -:   84:}
        -:   85:
        6:   86:int Repository::UpdateQuantityRepo(string size, string color, string photograph, int quantity) {
        -:   87:    int position;
        6:   88:    position = CheckExistenceCoat(size, color, photograph);
        6:   88-block  0
        6:   88-block  1
        6:   88-block  2
        6:   88-block  3
    $$$$$:   88-block  4
    $$$$$:   88-block  5
    $$$$$:   88-block  6
    $$$$$:   88-block  7
    $$$$$:   88-block  8
    $$$$$:   88-block  9
        6:   89:    if(position != -1)
        -:   90:    {
        4:   91:        double price = (*this->DArray)[position].GetPrice();
        4:   91-block  0
        8:   92:        Coat c(size, color, price, quantity, photograph);
        4:   92-block  0
        4:   92-block  1
        4:   92-block  2
        4:   92-block  3
    $$$$$:   92-block  4
    $$$$$:   92-block  5
    $$$$$:   92-block  6
    $$$$$:   92-block  7
        4:   93:        this->DArray->Update(c, position);
        4:   94:        return 0;
        4:   94-block  0
        -:   95:    }
        -:   96:    else
        2:   97:        return 1;
        2:   97-block  0
        -:   98:}
        -:   99:
        4:  100:int Repository::UpdatePriceRepo(string size, string color, string photograph, int price) {
        -:  101:    int position;
        4:  102:    position = CheckExistenceCoat(size, color, photograph);
        4:  102-block  0
        4:  102-block  1
        4:  102-block  2
        4:  102-block  3
    $$$$$:  102-block  4
    $$$$$:  102-block  5
    $$$$$:  102-block  6
    $$$$$:  102-block  7
    $$$$$:  102-block  8
    $$$$$:  102-block  9
        4:  103:    if(position != -1)
        -:  104:    {
        2:  105:        int quantity = (*this->DArray)[position].GetQuantity();
        2:  105-block  0
        4:  106:        Coat c(size, color, price, quantity, photograph);
        2:  106-block  0
        2:  106-block  1
        2:  106-block  2
        2:  106-block  3
    $$$$$:  106-block  4
    $$$$$:  106-block  5
    $$$$$:  106-block  6
    $$$$$:  106-block  7
        2:  107:        this->DArray->Update(c, position);
        2:  108:        return 0;
        2:  108-block  0
        -:  109:    }
        -:  110:    else
        2:  111:        return 1;
        2:  111-block  0
        -:  112:}
        -:  113:
        -:  114://void Repository::print_repository() {
        -:  115://    for(int i = 0; i < this->GetSize(); i++)
        -:  116://        cout<<i+1<<")  "<<"Size:  "<<(*this->DArray)[i].GetSize()<<"  Color:  "<<(*this->DArray)[i].GetColor()
        -:  117://        <<"  Price:  "<< (*this->DArray)[i].GetPrice() <<"  Quantity:  " << (*this->DArray)[i].GetQuantity()
        -:  118://        <<"\nLink Photo:  " << (*this->DArray)[i].GetPhotograph()<<"\n\n";
        -:  119://
        -:  120://}
        -:  121:
        -:  122:
        -:  123:
        -:  124://DArray DArray::GetDArray() {
        -:  125://    return *this->*DArray;
        -:  126://}
