        -:    0:Source:C:/Users/Alexandra/Desktop/Facultate/Semestru 2/911/a67-911-Alexandra-Bledea/Service/service.cpp
        -:    0:Graph:C:\Users\Alexandra\Desktop\Facultate\Semestru 2\911\a67-911-Alexandra-Bledea\cmake-build-debug-coverage\CMakeFiles\a67_911_Alexandra_Bledea.dir\Service\service.cpp.gcno
        -:    0:Data:C:\Users\Alexandra\Desktop\Facultate\Semestru 2\911\a67-911-Alexandra-Bledea\cmake-build-debug-coverage\CMakeFiles\a67_911_Alexandra_Bledea.dir\Service\service.cpp.gcda
        -:    0:Runs:1
        -:    0:Programs:1
        -:    1://
        -:    2:// Created by Alexandra on 3/17/2021.
        -:    3://
        -:    4:
        -:    5:#include "service.h"
        -:    6:
        -:    7://Service::Service() {
        -:    8://
        -:    9://}
        -:   10:
        8:   11:Service::Service(Repository& repository, Repository& user_repository):
        8:   12:    repository{repository}, user_repository{user_repository}, total_price{0}
        -:   13:{
        8:   14:}
        -:   15:
        -:   16://Service::~Service() {
        -:   17://    delete this->repository;
        -:   18://    delete this->user_repository;
        -:   19://}
        -:   20:
        9:   21:void Service::AddService(string size, string color, int price, int quantity, string photograph) {
       11:   22:    this->repository.AddRepo(size, color, price, quantity, photograph);
        9:   22-block  0
        9:   22-block  1
        9:   22-block  2
        8:   22-block  3
        1:   22-block  4
        1:   22-block  5
        1:   22-block  6
        1:   22-block  7
        1:   22-block  8
        8:   23:}
        -:   24:
        1:   25:const vector<Coat>& Service::GetRepository() {
        1:   26:    return this->repository.GetDynArr();
        1:   26-block  0
        -:   27:}
        -:   28:
        5:   29:vector<Coat> Service::GetUserRepository() {
        5:   30:    return this->user_repository.GetDynArr();
        5:   30-block  0
        -:   31:}
        -:   32:
        1:   33:int Service::GetSize() {
        1:   34:    return this->repository.GetSize();
        1:   34-block  0
        -:   35:}
        -:   36:
        4:   37:void Service::DeleteService(string size, string color, string photograph, int criteria) {
        4:   38:    if (criteria == 1) {
        4:   38-block  0
        5:   39:        this->repository.DeleteEntireProductRepo(size, color, photograph);
        2:   39-block  0
        2:   39-block  1
        2:   39-block  2
        1:   39-block  3
        1:   39-block  4
        1:   39-block  5
        1:   39-block  6
        1:   39-block  7
        1:   39-block  8
        1:   39-block  9
        2:   40:    } else if (criteria == 2) {
        2:   40-block  0
        4:   41:        this->repository.DeleteSoldOutProductRepo(size, color, photograph);
        2:   41-block  0
        2:   41-block  1
        2:   41-block  2
        1:   41-block  3
        1:   41-block  4
        1:   41-block  5
        1:   41-block  6
        1:   41-block  7
        1:   41-block  8
        -:   42:    }
        2:   43:}
        2:   43-block  0
        -:   44:
        2:   45:void Service::UpdatePriceService(string size, string color, string photograph, int price) {
        4:   46:    this->repository.UpdatePriceRepo(size, color, photograph, price);
        2:   46-block  0
        2:   46-block  1
        2:   46-block  2
        1:   46-block  3
        1:   46-block  4
        1:   46-block  5
        1:   46-block  6
        1:   46-block  7
        1:   46-block  8
        1:   47:}
        -:   48:
        2:   49:void Service::UpdateQuantityService(string size, string color, string photograph, int quantity) {
        4:   50:    this->repository.UpdateQuantityRepo(size, color, photograph, quantity);
        2:   50-block  0
        2:   50-block  1
        2:   50-block  2
        1:   50-block  3
        1:   50-block  4
        1:   50-block  5
        1:   50-block  6
        1:   50-block  7
        1:   50-block  8
        1:   51:}
        -:   52:
        3:   53:int Service::AddUserService(Coat c, Coat cUser) {
        3:   54:    int index = this->user_repository.CheckExistenceCoat(cUser.GetSize(), cUser.GetColor(), cUser.GetPhotograph());
        3:   54-block  0
        3:   54-block  1
        3:   54-block  2
        3:   54-block  3
        3:   54-block  4
    $$$$$:   54-block  5
    $$$$$:   54-block  6
    $$$$$:   54-block  7
    $$$$$:   54-block  8
    $$$$$:   54-block  9
    $$$$$:   54-block 10
        3:   55:    if(index == -1) {
        1:   56:        this->user_repository.AddRepo(cUser.GetSize(), cUser.GetColor(), cUser.GetPrice(), cUser.GetQuantity(),
        1:   56-block  0
        1:   56-block  1
        1:   56-block  2
        1:   56-block  3
        1:   56-block  4
        1:   56-block  5
    $$$$$:   56-block  6
    $$$$$:   56-block  7
    $$$$$:   56-block  8
    $$$$$:   56-block  9
        2:   57:                                       c.GetPhotograph());
        1:   57-block  0
    $$$$$:   57-block  1
    $$$$$:   57-block  2
        1:   58:        this->total_price = this->total_price + cUser.GetPrice();
        -:   59:    }
        -:   60:    else {
        2:   61:        int new_quantity = this->user_repository.GetDynArr()[index].GetQuantity() + 1;
        2:   61-block  0
        2:   62:        this->user_repository.UpdateQuantityRepo(cUser.GetSize(), cUser.GetColor(), cUser.GetPhotograph(), new_quantity);
        2:   62-block  0
        2:   62-block  1
        2:   62-block  2
        2:   62-block  3
    $$$$$:   62-block  4
    $$$$$:   62-block  5
    $$$$$:   62-block  6
    $$$$$:   62-block  7
    $$$$$:   62-block  8
    $$$$$:   62-block  9
        2:   63:        this->total_price = this->total_price + cUser.GetPrice();
        -:   64:    }
        3:   65:    if(c.GetQuantity() == 0) {
        3:   65-block  0
        1:   66:        this->repository.DeleteSoldOutProductRepo(c.GetSize(), c.GetColor(), c.GetPhotograph());
        1:   66-block  0
        1:   66-block  1
        1:   66-block  2
        1:   66-block  3
        1:   66-block  4
    $$$$$:   66-block  5
    $$$$$:   66-block  6
    $$$$$:   66-block  7
    $$$$$:   66-block  8
    $$$$$:   66-block  9
        1:   67:        return 1;
        -:   68:    }
        2:   69:    return 0;
        2:   69-block  0
        -:   70:}
        -:   71:
        1:   72:int Service::GetTotalPrice() const {
        1:   73:    return this->total_price;
        1:   73-block  0
        -:   74:}
        -:   75:
        -:   76:
        -:   77://void Service::print() {
        -:   78://    this->repository->print_repository();
        -:   79://}
        -:   80:
        -:   81:
        -:   82:
