        -:    0:Source:C:/Users/Alexandra/Desktop/Facultate/Semestru 2/911/a67-911-Alexandra-Bledea/Tests/test_domain.cpp
        -:    0:Graph:C:\Users\Alexandra\Desktop\Facultate\Semestru 2\911\a67-911-Alexandra-Bledea\cmake-build-debug-coverage\CMakeFiles\a67_911_Alexandra_Bledea.dir\Tests\test_domain.cpp.gcno
        -:    0:Data:C:\Users\Alexandra\Desktop\Facultate\Semestru 2\911\a67-911-Alexandra-Bledea\cmake-build-debug-coverage\CMakeFiles\a67_911_Alexandra_Bledea.dir\Tests\test_domain.cpp.gcda
        -:    0:Runs:1
        -:    0:Programs:1
        -:    1:
        -:    2:using namespace std;
        -:    3:#include "domain.h"
        -:    4:#include "test_domain.h"
        -:    5:#include <assert.h>
        -:    6:
        1:    7:void Test_Domain::TestSetQuantity() {
        2:    8:    Coat coat;
        1:    8-block  0
    $$$$$:    8-block  1
        3:    9:    Coat c("XL", "Pink", 100, 10, "https://asgh.jpg/asgh");
        1:    9-block  0
        1:    9-block  1
        1:    9-block  2
        1:    9-block  3
        1:    9-block  4
    $$$$$:    9-block  5
    $$$$$:    9-block  6
    $$$$$:    9-block  7
    $$$$$:    9-block  8
    $$$$$:    9-block  9
    $$$$$:    9-block 10
    $$$$$:    9-block 11
        1:   10:    c.SetQuantity(999);
       1*:   11:    assert(c.GetQuantity() == 999);
        1:   11-block  0
        1:   11-block  1
    %%%%%:   11-block  2
        1:   11-block  3
    %%%%%:   11-block  4
        1:   12:}
        -:   13:
        1:   14:void Test_Domain::TestSetPrice() {
        3:   15:    Coat c("XL", "Pink", 100, 10, "https://asgh.jpg/asgh");
        1:   15-block  0
        1:   15-block  1
        1:   15-block  2
        1:   15-block  3
        1:   15-block  4
    $$$$$:   15-block  5
    $$$$$:   15-block  6
    $$$$$:   15-block  7
    $$$$$:   15-block  8
    $$$$$:   15-block  9
    $$$$$:   15-block 10
    $$$$$:   15-block 11
        1:   16:    c.SetPrice(999);
       1*:   17:    assert(c.GetPrice() == 999);
        1:   17-block  0
        1:   17-block  1
    %%%%%:   17-block  2
        1:   17-block  3
    %%%%%:   17-block  4
        -:   18:
        1:   19:}
        -:   20:
        1:   21:void Test_Domain::TestGetSize() {
        3:   22:    Coat c("XL", "Pink", 100, 10, "https://asgh.jpg/asgh");
        1:   22-block  0
        1:   22-block  1
        1:   22-block  2
        1:   22-block  3
        1:   22-block  4
    $$$$$:   22-block  5
    $$$$$:   22-block  6
    $$$$$:   22-block  7
    $$$$$:   22-block  8
    $$$$$:   22-block  9
    $$$$$:   22-block 10
    $$$$$:   22-block 11
       1*:   23:    assert(c.GetSize() == "XL");
        1:   23-block  0
    %%%%%:   23-block  1
        1:   23-block  2
    %%%%%:   23-block  3
        1:   24:}
        -:   25:
        1:   26:void Test_Domain::TestGetColor() {
        2:   27:    Coat c("XL", "Pink", 100, 10, "https://asgh.jpg/asgh");
        1:   27-block  0
        1:   27-block  1
        1:   27-block  2
        1:   27-block  3
    $$$$$:   27-block  4
    $$$$$:   27-block  5
    $$$$$:   27-block  6
    $$$$$:   27-block  7
    $$$$$:   27-block  8
    $$$$$:   27-block  9
    $$$$$:   27-block 10
       1*:   28:    assert(c.GetColor() == "Pink");
        1:   28-block  0
    %%%%%:   28-block  1
        1:   28-block  2
    %%%%%:   28-block  3
        1:   28-block  4
        1:   28-block  5
        1:   28-block  6
    $$$$$:   28-block  7
    $$$$$:   28-block  8
    $$$$$:   28-block  9
        1:   29:}
        -:   30:
        1:   31:void Test_Domain::TestGetPrice() {
        3:   32:    Coat c("XL", "Pink", 100, 10, "https://asgh.jpg/asgh");
        1:   32-block  0
        1:   32-block  1
        1:   32-block  2
        1:   32-block  3
        1:   32-block  4
    $$$$$:   32-block  5
    $$$$$:   32-block  6
    $$$$$:   32-block  7
    $$$$$:   32-block  8
    $$$$$:   32-block  9
    $$$$$:   32-block 10
    $$$$$:   32-block 11
       1*:   33:    assert(c.GetPrice() == 100);
        1:   33-block  0
    %%%%%:   33-block  1
        1:   33-block  2
    %%%%%:   33-block  3
        1:   34:}
        -:   35:
        1:   36:void Test_Domain::TestGetQuantity() {
        3:   37:    Coat c("XL", "Pink", 100, 10, "https://asgh.jpg/asgh");
        1:   37-block  0
        1:   37-block  1
        1:   37-block  2
        1:   37-block  3
        1:   37-block  4
    $$$$$:   37-block  5
    $$$$$:   37-block  6
    $$$$$:   37-block  7
    $$$$$:   37-block  8
    $$$$$:   37-block  9
    $$$$$:   37-block 10
    $$$$$:   37-block 11
       1*:   38:    assert(c.GetQuantity() == 10);
        1:   38-block  0
    %%%%%:   38-block  1
        1:   38-block  2
    %%%%%:   38-block  3
        1:   39:}
        -:   40:
        1:   41:void Test_Domain::TestGetPhotograph() {
        2:   42:    Coat c("XL", "Pink", 100, 10, "https://asgh.jpg/asgh");
        1:   42-block  0
        1:   42-block  1
        1:   42-block  2
        1:   42-block  3
    $$$$$:   42-block  4
    $$$$$:   42-block  5
    $$$$$:   42-block  6
    $$$$$:   42-block  7
    $$$$$:   42-block  8
    $$$$$:   42-block  9
    $$$$$:   42-block 10
       1*:   43:    assert(c.GetPhotograph() == "https://asgh.jpg/asgh");
        1:   43-block  0
    %%%%%:   43-block  1
        1:   43-block  2
    %%%%%:   43-block  3
        1:   43-block  4
        1:   43-block  5
        1:   43-block  6
    $$$$$:   43-block  7
    $$$$$:   43-block  8
    $$$$$:   43-block  9
        1:   44:}
        -:   45:
        1:   46:void Test_Domain::TestAllDomain() {
        1:   47:    TestGetColor();
        1:   47-block  0
        1:   48:    TestGetPhotograph();
        1:   49:    TestGetPrice();
        1:   50:    TestGetQuantity();
        1:   51:    TestGetSize();
        1:   52:    TestSetPrice();
        1:   53:    TestSetQuantity();
        -:   54:
        1:   55:}
