        -:    0:Source:C:/Users/ALEXAN~1/Desktop/FACULT~1/SEMEST~2/911/A67-91~1/DYNAMI~1/dynamic_array.h
        -:    0:Graph:C:\Users\Alexandra\Desktop\Facultate\Semestru 2\911\a67-911-Alexandra-Bledea\cmake-build-debug-coverage\CMakeFiles\a67_911_Alexandra_Bledea.dir\Tests\test_dynamic_array.cpp.gcno
        -:    0:Data:C:\Users\Alexandra\Desktop\Facultate\Semestru 2\911\a67-911-Alexandra-Bledea\cmake-build-debug-coverage\CMakeFiles\a67_911_Alexandra_Bledea.dir\Tests\test_dynamic_array.cpp.gcda
        -:    0:Runs:1
        -:    0:Programs:1
        -:    1://
        -:    2:// Created by Alexandra on 3/17/2021.
        -:    3://
        -:    4:#include <cstdlib>
        -:    5:#include "domain.h"
        -:    6:#pragma once
        -:    7:
        -:    8:template <class TElem>
        -:    9:class DynamicArray
        -:   10:{
        -:   11:private:
        -:   12:    TElem* elements;
        -:   13:    int length;
        -:   14:    int initial_capacity;
        -:   15:    int capacity;
        -:   16:
        -:   17:    /// With this function we resize the dynamic array
        3:   18:    void Resize()
        -:   19:    {
        -:   20:        TElem* NewElements;
        3:   21:        this->capacity = this->capacity * 2;
       3*:   22:        NewElements = new TElem[this->capacity];
        3:   22-block  0
        3:   22-block  1
    %%%%%:   22-block  2
        3:   22-block  3
        9:   23:        for(int i = 0; i < this->length; i++)
        9:   23-block  0
        -:   24:        {
        6:   25:            NewElements[i] = this->elements[i];
        6:   25-block  0
        -:   26:        }
        3:   27:        delete[] this->elements;
        3:   27-block  0
        3:   27-block  1
        3:   28:        this->elements = NewElements;
        3:   29:    }
        -:   30:
        -:   31:    /// With this function we clear the dynamic array
        2:   32:    void Clear()
        -:   33:    {
        2:   34:        this->length = 0;
        -:   35:        TElem* NewElements;
        2:   36:        this->capacity = this->initial_capacity;
       2*:   37:        NewElements = new TElem[this->capacity];
        2:   37-block  0
        2:   37-block  1
    %%%%%:   37-block  2
        2:   37-block  3
       2*:   38:        for(int i = 0; i < this->length; i++)
        2:   38-block  0
        -:   39:        {
    #####:   40:            NewElements[i] = this->elements[i];
    %%%%%:   40-block  0
        -:   41:        }
        2:   42:        delete[] this->elements;
        2:   42-block  0
        2:   42-block  1
        2:   43:        this->elements = NewElements;
        2:   44:    }
        -:   45:
        -:   46:public:
        -:   47:/// Constructor
        -:   48:    DynamicArray(){
        -:   49:    }
        -:   50:
        -:   51:    ///  With this function we initialize the dynamic array
        -:   52:    /// \param capacity
        6:   53:    DynamicArray(int capacity)
        -:   54:    {
        6:   55:        this->capacity = capacity;
        6:   56:        this->length = 0;
       6*:   57:        this->elements = new TElem[capacity];
        6:   57-block  0
        6:   57-block  1
    %%%%%:   57-block  2
        6:   57-block  3
        6:   58:        this->initial_capacity = capacity;
        6:   59:    }
        -:   60:
        -:   61:/// Destructor
        6:   62:    ~DynamicArray(){
        6:   63:        delete [] this->elements;
        6:   63-block  0
        6:   63-block  1
        6:   64:    }
        -:   65:
        -:   66:/// With this function we add an element
        -:   67:/// \param element the element we are about to add
       15:   68:    void Add (const TElem &element)
        -:   69:    {
        -:   70://        if(this->elements == nullptr)
        -:   71://            return;
       15:   72:        if(this->length == this->capacity)
       15:   72-block  0
        3:   73:            Resize();
        3:   73-block  0
       15:   74:        this->elements[this->length++] = element;
       15:   75:    }
        -:   76:
        -:   77:/// With this function we delete an element
        -:   78:/// \param position the position of the element we are about to delete
        6:   79:    void Delete(int position)
        -:   80:    {
        6:   81:        if (this->length == 1) // If array has only one element
        6:   81-block  0
        2:   82:            Clear(); // than we clear it, since it will be deleted
        2:   82-block  0
        -:   83:        else
        -:   84:        {
        -:   85:            // otherwise, shift array elements
        8:   86:            for(int i = position; i < this->length - 1; i++)
        4:   86-block  0
        8:   86-block  1
        4:   87:                this->elements[i] = this->elements[i+1];
        4:   87-block  0
        -:   88:
        -:   89:            // decrease array size
        4:   90:            this->length--;
        4:   90-block  0
        -:   91:        }
        6:   92:    }
        -:   93:
        -:   94:/// With this function we update an element
        -:   95:/// \param element the element we are about to update
        -:   96:/// \param position the position of the element
        1:   97:    void Update(const TElem &element, int position){
        1:   98:        this->elements[position] = element;
        1:   99:    }
        -:  100:
        -:  101:///With this function we get the number of elements from the dynamic array
        8:  102:    int GetSize()
        -:  103:    {
        8:  104:        return this->length;
        8:  104-block  0
        -:  105:    }
        -:  106:
        -:  107:/// With this function we get an exact element from the array
        -:  108:/// \param position the position of the element; we are about to get
        -:  109:/// \return it returns the element
        6:  110:    TElem& operator [] (int position){
        6:  111:        return this->elements[position];
        6:  111-block  0
        -:  112:    }
        -:  113:    DynamicArray& operator = (const DynamicArray &a){
        -:  114:        if(this == &a)
        -:  115:            return *this;
        -:  116:
        -:  117:        if(a.capacity == 0)
        -:  118:            Clear();
        -:  119:
        -:  120:        this->capacity = a.capacity/2;
        -:  121:        Resize();
        -:  122:
        -:  123:        memcpy(this->elements, a.elements, sizeof(TElem)*a.capacity);
        -:  124:        return *this;
        -:  125:
        -:  126:    }
        -:  127:};
        -:  128:
        -:  129:
        -:  130://void* GetAll()
        -:  131://    {
        -:  132://        return this->elements;
        -:  133://    }
